FLAGS: 80
mouse_init called.
ObReferenceObjectByName>>MouClass status: 0
Mouse class object pointer: FFFFC70199FC4DC0
ObReferenceObjectByName>>MouHID status: 0
Hid object pointer: FFFFC7019A06AE10
DEV PTR: FFFFC70196A2A910
EXT PTR: 0000000000000000
DD PTR: FFFFC70196A2AA60
ATTACHED DEVICE: FFFFC7019A2F9CA0
NULL DEVICE EXTENSION
C1: 2527242848
C2: 2527242512
C3: 0
Size: 0000000000000000
DEV PTR: FFFFC70196A2A910
EXT PTR: 0000000000000000
DD PTR: FFFFC70196A2AA60
ATTACHED DEVICE: FFFFC7019A2F9CA0
NULL DEVICE EXTENSION
C1: 2527242848
C2: 2527242512
C3: 0
Size: 0000000000000000
DEV PTR: FFFFC7019A2F9CA0
EXT PTR: 0000000000000000
DD PTR: FFFFC7019A2F9DF0
ATTACHED DEVICE: 0000000000000000
NULL DEVICE EXTENSION
C1: 2586811888
C2: 2586811552
C3: 0
Size: 0000000000000000
DEV PTR: FFFFC7019A2F9CA0
EXT PTR: 0000000000000000
DD PTR: FFFFC7019A2F9DF0
ATTACHED DEVICE: 0000000000000000
NULL DEVICE EXTENSION
C1: 2586811888
C2: 2586811552
C3: 0
Size: 0000000000000000
mouse::mouse_init status: 0
Device symlink removed.
Device removed.
meta_driver unloaded. Bye-Bye!.




[norsefire]: FLAGS 80
[norsefire]: CLASS FFFFC70199FC4DC0
[norsefire]: HID FFFFC7019A06AE10
[norsefire]: DEV PTR FFFFC70196A2A910
[norsefire]: EXT PTR FFFFC70196A2AC38
[norsefire]: DD PTR FFFFC70196A2AA60
[norsefire]: ATTACHED DEVICE PTR FFFFC7019A2F9CA0
[norsefire]: EXTENSION 2527243320
[norsefire]: Mouse initialized
[norsefire]: Driver loaded


STACK SIZE: 19
AlignmentRequirement: 0


STACK SIZE: 19
AlignmentRequirement: 0
Spare1: 0
ATT: 0

[norsefire]: Stack size 19
[norsefire]: AlignmentRequirement 0
[norsefire]: Spare 1 1
[norsefire]: ATT 0

[norsefire]: Stack size FFFFC70196A2A95C
[norsefire]: AlignmentRequirement FFFFC70196A2A9A8
[norsefire]: Spare 1 FFFFC70196A2AA42
[norsefire]: ATT FFFFC70196A2AA18







Hid object pointer: FFFFC7019A06AE10
DEV PTR: FFFFC70196A2A910
EXT PTR: 0000000000000000
DD PTR: FFFFC70196A2AA60
ATTACHED DEVICE: FFFFC7019A2F9CA0
STACK SIZE: FFFFC70196A2A95C
AlignmentRequirement: FFFFC70196A2A968
Spare1: FFFFC70196A2AA02
ATT: FFFFC70196A2A9D8



[norsefire]: ATTACHED DEVICE PTR FFFFC7019A2F9CA0
[norsefire]: EXTENSION 2527243320
[norsefire]: Stack size FFFFC70196A2A95C
[norsefire]: AlignmentRequirement FFFFC70196A2A9A8
[norsefire]: Spare 1 FFFFC70196A2AA42
[norsefire]: ATT FFFFC70196A2AA18



FFFFC70196A2A9A8 - FFFFC70196A2A968










Mouse class object pointer: FFFFB402681C05B0
ObReferenceObjectByName>>MouHID status: 0
Hid object pointer: FFFFB402681C25B0
DEV PTR: FFFFB402682498D0
EXT PTR: 0000000000000000
DD PTR: FFFFB40268249A20
ATTACHED DEVICE: FFFFB40268629C20
STACK SIZE: FFFFB4026824991C
AlignmentRequirement: FFFFB40268249930
Spare1: FFFFB402682499CA
ATT: FFFFB402682499A0
NULL DEVICE EXTENSION
C1: 1747229216
C2: 1747228880
C3: 0
Size: 0000000000000000






[norsefire]: FLAGS 80
[norsefire]: CLASS FFFFB402681C05B0
[norsefire]: HID FFFFB402681C25B0
[norsefire]: DEV PTR FFFFB402682498D0
[norsefire]: EXT PTR FFFFB40268249BF8
[norsefire]: DD PTR FFFFB40268249A20
[norsefire]: ATTACHED DEVICE PTR FFFFB40268629C20
[norsefire]: EXTENSION 1747229688
[norsefire]: Stack size FFFFB4026824991C
[norsefire]: AlignmentRequirement FFFFB40268249968
[norsefire]: Spare 1 FFFFB40268249A02
[norsefire]: ATT FFFFB402682499D8
[norsefire]: SIZE 118
[norsefire]: Mouse initialized
[norsefire]: Driver loaded
[norsefire]: Driver unloaded



FFFFB40268249968-FFFFB40268249930
FFFFB40268249968-FFFFB40268249928



Device extension size: FFFFF8032FAE4BD0

Device extension size: FFFFF8032FAE4BD0

Service callback address: FFFFB40268249B08

Service callback address: FFFFF8032FAE4BD0




Device ext ptr: FFFFB40268249A20
I: 28
TEST: FFFFF8032FAE4BD0
Service callback addressz: FFFFF8032FAE4BD0




